2025-04-04 09:28:05.424733 - Received CBT.V508.FILE422.PDS from FILE422.XMI 
2025-04-04 09:28:05.425807 - Found $$$#DATE.txt (text/plain) in CBT.V508.FILE422.PDS, moved to PDS/$$$#DATE
2025-04-04 09:28:05.425980 - Found $$INDEX.txt (text/plain) in CBT.V508.FILE422.PDS, moved to PDS/$$INDEX
2025-04-04 09:28:05.426153 - Found @FILE422.txt (text/plain) in CBT.V508.FILE422.PDS, moved to PDS/@FILE422
2025-04-04 09:28:05.426295 - Found CHEKTRAN.txt (text/plain) in CBT.V508.FILE422.PDS, moved to PDS/CHEKTRAN
2025-04-04 09:28:05.426436 - Found DI.txt (text/plain) in CBT.V508.FILE422.PDS, moved to PDS/DI
2025-04-04 09:28:05.426566 - Found ENT13.txt (text/plain) in CBT.V508.FILE422.PDS, moved to PDS/ENT13
2025-04-04 09:28:05.426693 - Found EQUATE.txt (text/plain) in CBT.V508.FILE422.PDS, moved to PDS/EQUATE
2025-04-04 09:28:05.426817 - Found EXT13.txt (text/plain) in CBT.V508.FILE422.PDS, moved to PDS/EXT13
2025-04-04 09:28:05.426942 - Found FCBGEN.jcl (text/plain) in CBT.V508.FILE422.PDS, moved to PDS/FCBGEN
2025-04-04 09:28:05.427066 - Found FCBGENC.txt (text/plain) in CBT.V508.FILE422.PDS, moved to PDS/FCBGENC
2025-04-04 09:28:05.427193 - Found FCBIDR.jcl (text/plain) in CBT.V508.FILE422.PDS, moved to PDS/FCBIDR
2025-04-04 09:28:05.427318 - Found FCBIDRJC.jcl (text/plain) in CBT.V508.FILE422.PDS, moved to PDS/FCBIDRJC
2025-04-04 09:28:05.427440 - Found FCBWTO.jcl (text/plain) in CBT.V508.FILE422.PDS, moved to PDS/FCBWTO
2025-04-04 09:28:05.427564 - Found HEWLDFPX.jcl (text/plain) in CBT.V508.FILE422.PDS, moved to PDS/HEWLDFPX
2025-04-04 09:28:05.427681 - Found HEWLDFP1.jcl (text/plain) in CBT.V508.FILE422.PDS, moved to PDS/HEWLDFP1
2025-04-04 09:28:05.427813 - Found IEFTBL.jcl (text/plain) in CBT.V508.FILE422.PDS, moved to PDS/IEFTBL
2025-04-04 09:28:05.427958 - Found IEFUTL.txt (text/plain) in CBT.V508.FILE422.PDS, moved to PDS/IEFUTL
2025-04-04 09:28:05.428085 - Found INITJCL.jcl (text/plain) in CBT.V508.FILE422.PDS, moved to PDS/INITJCL
2025-04-04 09:28:05.428216 - Found INITTAPE.jcl (text/plain) in CBT.V508.FILE422.PDS, moved to PDS/INITTAPE
2025-04-04 09:28:05.428355 - Found INIT3480.jcl (text/plain) in CBT.V508.FILE422.PDS, moved to PDS/INIT3480
2025-04-04 09:28:05.428479 - Found JESNSLT.jcl (text/plain) in CBT.V508.FILE422.PDS, moved to PDS/JESNSLT
2025-04-04 09:28:05.428599 - Found JESNSLTX.jcl (text/plain) in CBT.V508.FILE422.PDS, moved to PDS/JESNSLTX
2025-04-04 09:28:05.428716 - Found MAS9010.txt (text/plain) in CBT.V508.FILE422.PDS, moved to PDS/MAS9010
2025-04-04 09:28:05.428858 - Found MAS9010#.txt (text/plain) in CBT.V508.FILE422.PDS, moved to PDS/MAS9010#
2025-04-04 09:28:05.428984 - Found PRVIPLSP.jcl (text/plain) in CBT.V508.FILE422.PDS, moved to PDS/PRVIPLSP
2025-04-04 09:28:05.429122 - Found PRVIPLXA.jcl (text/plain) in CBT.V508.FILE422.PDS, moved to PDS/PRVIPLXA
2025-04-04 09:28:05.429239 - Found TSOMXSP.jcl (text/plain) in CBT.V508.FILE422.PDS, moved to PDS/TSOMXSP
2025-04-04 09:28:05.429374 - Found TSOMXXA.jcl (text/plain) in CBT.V508.FILE422.PDS, moved to PDS/TSOMXXA
2025-04-04 09:28:05.429488 - Found TURKEY.txt (text/plain) in CBT.V508.FILE422.PDS, moved to PDS/TURKEY
2025-04-04 09:28:05.429615 - Found VARLENTH.txt (text/plain) in CBT.V508.FILE422.PDS, moved to PDS/VARLENTH
